<?xml version="1.0" encoding="UTF-8"?>
<!-- Generated by org.testng.reporters.JUnitReportReporter -->
<testsuite skipped="1" hostname="SandeshG-PC" name="TestClass.AdminTest" tests="4" failures="0" timestamp="20 Jul 2017 09:23:29 GMT" time="0.453" errors="0">
  <testcase name="AdminLoginValidCredentials" time="0.257" classname="TestClass.AdminTest"/>
  <testcase name="Addingdevice" time="0.071" classname="TestClass.AdminTest"/>
  <testcase name="Retrivedevice" time="0.125" classname="TestClass.AdminTest"/>
  <testcase name="AdminLoginInValidCredentials" classname="TestClass.AdminTest">
    <skipped/>
  </testcase> <!-- AdminLoginInValidCredentials -->
</testsuite> <!-- TestClass.AdminTest -->
