<?xml version="1.0" encoding="UTF-8"?>
<!-- Generated by org.testng.reporters.JUnitReportReporter -->
<testsuite skipped="0" hostname="SandeshG-PC" name="TestClass.NewTest" tests="2" failures="0" timestamp="14 Jul 2017 10:57:40 GMT" time="1.128" errors="0">
  <testcase name="AbilitiesTest1" time="0.003" classname="TestClass.NewTest"/>
  <testcase name="AbilitiesTest" time="1.125" classname="TestClass.NewTest"/>
</testsuite> <!-- TestClass.NewTest -->
