<?xml version="1.0" encoding="UTF-8"?>
<!-- Generated by org.testng.reporters.JUnitReportReporter -->
<testsuite skipped="0" hostname="SandeshG-PC" name="TestClass.NewTest" tests="1" failures="0" timestamp="04 Jul 2017 12:27:42 GMT" time="0.000" errors="0">
  <testcase name="AbilitiesTest" time="0.000" classname="TestClass.NewTest"/>
</testsuite> <!-- TestClass.NewTest -->
