<?xml version="1.0" encoding="UTF-8"?>
<!-- Generated by org.testng.reporters.JUnitReportReporter -->
<testsuite skipped="0" hostname="SandeshG-PC" name="TestClass.NewTest" tests="2" failures="0" timestamp="06 Jul 2017 10:58:37 GMT" time="0.002" errors="0">
  <testcase name="AbilitiesTest" time="0.002" classname="TestClass.NewTest"/>
  <testcase name="AbilitiesTest1" time="0.000" classname="TestClass.NewTest"/>
</testsuite> <!-- TestClass.NewTest -->
