<?xml version="1.0" encoding="UTF-8"?>
<!-- Generated by org.testng.reporters.JUnitReportReporter -->
<testsuite skipped="0" hostname="SandeshG-PC" name="TestClass.NewTest" tests="2" failures="0" timestamp="07 Jul 2017 10:28:26 GMT" time="0.011" errors="0">
  <testcase name="AbilitiesTest" time="0.010" classname="TestClass.NewTest"/>
  <testcase name="AbilitiesTest1" time="0.001" classname="TestClass.NewTest"/>
</testsuite> <!-- TestClass.NewTest -->
